    88.2ms (setup:858): 2024-09-16 06:04:11
    88.4ms (setup:859): /usr/bin/pipx install pymysql
    88.5ms (setup:860): pipx version is 1.4.3
    88.6ms (setup:861): Default python interpreter is '/usr/bin/python3'
    89.6ms (package_name_from_spec:370): Determined package name: pymysql
    89.7ms (package_name_from_spec:371): Package name determined in 0.0s
    91.8ms (run_subprocess:168): running /usr/bin/python3 -m venv --without-pip /home/ubuntu/.local/share/pipx/venvs/pymysql
   131.1ms (run_subprocess:190): stdout:
   131.3ms (run_subprocess:192): stderr:
   131.4ms (run_subprocess:193): returncode: 0
   131.8ms (run_subprocess:168): running <checking pip's availability>
   147.6ms (run_subprocess:190): stdout: ModuleSpec(name='pip', loader=<_frozen_importlib_external.SourceFileLoader object at 0x7e8b099ffef0>, origin='/home/ubuntu/.local/share/pipx/shared/lib/python3.12/site-packages/pip/__init__.py', submodule_search_locations=['/home/ubuntu/.local/share/pipx/shared/lib/python3.12/site-packages/pip'])
   147.7ms (run_subprocess:193): returncode: 0
   147.8ms (run_subprocess:168): running /home/ubuntu/.local/share/pipx/venvs/pymysql/bin/python -c import sysconfig; print(sysconfig.get_path('purelib'))
   162.9ms (run_subprocess:190): stdout: /home/ubuntu/.local/share/pipx/venvs/pymysql/lib/python3.12/site-packages
   163.3ms (run_subprocess:193): returncode: 0
   163.5ms (run_subprocess:168): running /home/ubuntu/.local/share/pipx/shared/bin/python -c import sysconfig; print(sysconfig.get_path('purelib'))
   179.9ms (run_subprocess:190): stdout: /home/ubuntu/.local/share/pipx/shared/lib/python3.12/site-packages
   180.1ms (run_subprocess:193): returncode: 0
   180.3ms (run_subprocess:168): running /home/ubuntu/.local/share/pipx/venvs/pymysql/bin/python --version
   181.6ms (run_subprocess:190): stdout: Python 3.12.3
   181.6ms (run_subprocess:192): stderr:
   181.6ms (run_subprocess:193): returncode: 0
   181.8ms (_parsed_package_to_package_or_url:137): cleaned package spec: pymysql
   182.2ms (run_subprocess:168): running /home/ubuntu/.local/share/pipx/venvs/pymysql/bin/python -m pip --no-input install pymysql
   631.0ms (run_subprocess:193): returncode: 0
   631.8ms (run_subprocess:168): running <fetch_info_in_venv commands>
   652.3ms (run_subprocess:190): stdout: {"sys_path": ["/usr/lib/python312.zip", "/usr/lib/python3.12", "/usr/lib/python3.12/lib-dynload", "/home/ubuntu/.local/share/pipx/venvs/pymysql/lib/python3.12/site-packages", "/home/ubuntu/.local/share/pipx/shared/lib/python3.12/site-packages"], "python_version": "3.12.3", "environment": {"implementation_name": "cpython", "implementation_version": "3.12.3", "os_name": "posix", "platform_machine": "x86_64", "platform_release": "6.8.0-1012-aws", "platform_system": "Linux", "platform_version": "#13-Ubuntu SMP Mon Jul 15 13:40:27 UTC 2024", "python_full_version": "3.12.3", "platform_python_implementation": "CPython", "python_version": "3.12", "sys_platform": "linux"}}
   652.5ms (run_subprocess:193): returncode: 0
   655.5ms (get_venv_metadata_for_package:339): get_venv_metadata_for_package: 24ms
   655.7ms (_parsed_package_to_package_or_url:137): cleaned package spec: pymysql
   656.0ms (rmdir:55): removing directory /home/ubuntu/.local/share/pipx/venvs/pymysql
   657.3ms (cli:924): PipxError: No apps associated with package pymysql or its dependencies. If you are attempting to install a library, pipx should not be
used. Consider using pip or a similar tool instead.
Traceback (most recent call last):
  File "/usr/lib/python3/dist-packages/pipx/main.py", line 921, in cli
    return run_pipx_command(parsed_pipx_args)
           ^^^^^^^^^^^^^^^^^^^^^^^^^^^^^^^^^^
  File "/usr/lib/python3/dist-packages/pipx/main.py", line 219, in run_pipx_command
    return commands.install(
           ^^^^^^^^^^^^^^^^^
  File "/usr/lib/python3/dist-packages/pipx/commands/install.py", line 100, in install
    run_post_install_actions(
  File "/usr/lib/python3/dist-packages/pipx/commands/common.py", line 410, in run_post_install_actions
    raise PipxError(
pipx.util.PipxError: No apps associated with package pymysql or its dependencies. If you are attempting to install a library, pipx should not be
used. Consider using pip or a similar tool instead.
   660.3ms (cli:932): pipx finished.
